c:\users\elvin\source\repos\chtomnedelat\chtomnedelat\debug\vc141.pdb
c:\users\elvin\source\repos\chtomnedelat\chtomnedelat\debug\vc141.idb
c:\users\elvin\source\repos\chtomnedelat\chtomnedelat\debug\petclub.obj
c:\users\elvin\source\repos\chtomnedelat\chtomnedelat\debug\tree.obj
c:\users\elvin\source\repos\chtomnedelat1\chtomnedelat\debug\vc141.pdb
c:\users\elvin\source\repos\chtomnedelat1\chtomnedelat\debug\vc141.idb
c:\users\elvin\source\repos\chtomnedelat1\chtomnedelat\debug\tree.obj
c:\users\elvin\source\repos\chtomnedelat1\chtomnedelat\debug\petclub.obj
c:\users\elvin\source\repos\chtomnedelat\debug\chtomnedelat.exe
c:\users\elvin\source\repos\chtomnedelat\debug\chtomnedelat.ilk
c:\users\elvin\source\repos\chtomnedelat\debug\chtomnedelat.pdb
c:\users\elvin\source\repos\chtomnedelat1\debug\chtomnedelat.exe
c:\users\elvin\source\repos\chtomnedelat1\debug\chtomnedelat.ilk
c:\users\elvin\source\repos\chtomnedelat1\debug\chtomnedelat.pdb
c:\users\elvin\source\repos\chtomnedelat1\chtomnedelat\debug\bintree.obj
c:\users\elvin\source\repos\chtomnedelat1\chtomnedelat\debug\main.obj
c:\users\elvin\source\repos\chtomnedelat1\chtomnedelat\debug\petclub.obj.enc
c:\users\elvin\source\repos\chtomnedelat1\chtomnedelat\debug\chtomnedelat.tlog\cl.command.1.tlog
c:\users\elvin\source\repos\chtomnedelat1\chtomnedelat\debug\chtomnedelat.tlog\cl.write.1.tlog
c:\users\elvin\source\repos\chtomnedelat1\chtomnedelat\debug\chtomnedelat.tlog\link.command.1.tlog
c:\users\elvin\source\repos\chtomnedelat1\chtomnedelat\debug\chtomnedelat.tlog\link.read.1.tlog
c:\users\elvin\source\repos\chtomnedelat1\chtomnedelat\debug\chtomnedelat.tlog\link.write.1.tlog
